TN:
SF:C:/Users/offor/Documents/project/maintenance-tracker/app.js
FNF:0
FNH:0
DA:1,1
DA:2,1
DA:3,1
DA:5,1
DA:6,1
DA:10,1
DA:11,1
DA:14,1
DA:15,1
DA:17,1
DA:18,1
DA:20,1
DA:21,1
LF:13
LH:13
BRDA:11,0,0,1
BRDA:11,0,1,1
BRF:2
BRH:2
end_of_record
TN:
SF:C:/Users/offor/Documents/project/maintenance-tracker/server/controllers/requestsController.js
FN:35,(anonymous_9)
FN:91,(anonymous_12)
FNF:2
FNH:2
FNDA:12,(anonymous_9)
FNDA:7,(anonymous_12)
DA:1,1
DA:2,1
DA:15,1
DA:16,0
DA:20,1
DA:34,2
DA:35,2
DA:36,12
DA:37,1
DA:42,11
DA:45,2
DA:57,2
DA:70,2
DA:71,1
DA:73,1
DA:74,1
DA:87,1
DA:88,1
DA:89,1
DA:91,1
DA:92,7
DA:93,1
DA:94,1
DA:96,1
DA:109,1
DA:110,0
DA:113,1
DA:115,1
DA:120,6
DA:122,1
LF:30
LH:28
BRDA:15,0,0,0
BRDA:15,0,1,1
BRDA:36,1,0,1
BRDA:36,1,1,11
BRDA:70,2,0,1
BRDA:70,2,1,1
BRDA:92,3,0,1
BRDA:92,3,1,6
BRDA:100,4,0,1
BRDA:100,4,1,0
BRDA:101,5,0,1
BRDA:101,5,1,0
BRDA:102,6,0,1
BRDA:102,6,1,1
BRDA:103,7,0,1
BRDA:103,7,1,1
BRDA:104,8,0,1
BRDA:104,8,1,1
BRDA:106,9,0,1
BRDA:106,9,1,1
BRDA:109,10,0,0
BRDA:109,10,1,1
BRF:22
BRH:18
end_of_record
TN:
SF:C:/Users/offor/Documents/project/maintenance-tracker/server/data/requests.js
FNF:0
FNH:0
DA:1,1
LF:1
LH:1
BRF:0
BRH:0
end_of_record
TN:
SF:C:/Users/offor/Documents/project/maintenance-tracker/server/middleware/requests.js
FNF:0
FNH:0
DA:3,2
DA:4,2
DA:6,2
DA:7,0
DA:21,2
DA:22,1
DA:31,1
DA:32,0
DA:36,1
DA:44,0
DA:48,1
DA:49,0
DA:53,1
DA:57,0
DA:61,1
DA:62,0
DA:76,1
DA:77,0
DA:81,1
DA:85,1
DA:86,1
DA:88,1
DA:96,0
DA:100,1
DA:104,0
DA:118,1
LF:26
LH:17
BRDA:6,0,0,0
BRDA:6,0,1,2
BRDA:21,1,0,1
BRDA:21,1,1,1
BRDA:31,2,0,0
BRDA:31,2,1,1
BRDA:36,3,0,0
BRDA:36,3,1,1
BRDA:36,4,0,1
BRDA:36,4,1,1
BRDA:36,4,2,0
BRDA:36,4,3,0
BRDA:36,4,4,0
BRDA:36,4,5,0
BRDA:36,4,6,0
BRDA:36,4,7,0
BRDA:48,5,0,0
BRDA:48,5,1,1
BRDA:53,6,0,0
BRDA:53,6,1,1
BRDA:53,7,0,1
BRDA:53,7,1,1
BRDA:53,7,2,0
BRDA:53,7,3,0
BRDA:61,8,0,0
BRDA:61,8,1,1
BRDA:76,9,0,0
BRDA:76,9,1,1
BRDA:76,10,0,1
BRDA:76,10,1,1
BRDA:88,11,0,0
BRDA:88,11,1,1
BRDA:88,12,0,1
BRDA:88,12,1,1
BRDA:88,12,2,1
BRDA:88,12,3,1
BRDA:88,12,4,1
BRDA:88,12,5,1
BRDA:88,12,6,0
BRDA:88,12,7,0
BRDA:100,13,0,0
BRDA:100,13,1,1
BRDA:100,14,0,1
BRDA:100,14,1,1
BRDA:100,14,2,0
BRDA:100,14,3,0
BRF:46
BRH:25
end_of_record
TN:
SF:C:/Users/offor/Documents/project/maintenance-tracker/server/routes/index.js
FN:3,routes
FN:4,(anonymous_2)
FNF:2
FNH:1
FNDA:1,routes
FNDA:0,(anonymous_2)
DA:1,1
DA:3,1
DA:4,1
DA:8,1
LF:4
LH:4
BRF:0
BRH:0
end_of_record
TN:
SF:C:/Users/offor/Documents/project/maintenance-tracker/server/routes/notFound.js
FN:1,notFound
FNF:1
FNH:0
FNDA:0,notFound
DA:1,1
DA:2,0
LF:2
LH:1
BRF:0
BRH:0
end_of_record
TN:
SF:C:/Users/offor/Documents/project/maintenance-tracker/server/routes/requestRoutes.js
FN:4,requestRoutes
FNF:1
FNH:1
FNDA:1,requestRoutes
DA:1,1
DA:2,1
DA:4,1
DA:5,1
DA:6,1
DA:7,1
DA:8,1
LF:7
LH:7
BRF:0
BRH:0
end_of_record
TN:
SF:C:/Users/offor/Documents/project/maintenance-tracker/server/test/requestTest.js
FN:11,(anonymous_1)
FN:12,(anonymous_2)
FN:13,(anonymous_3)
FN:16,(anonymous_4)
FN:25,(anonymous_5)
FN:26,(anonymous_6)
FN:29,(anonymous_7)
FN:36,(anonymous_8)
FN:39,(anonymous_9)
FN:48,(anonymous_10)
FN:49,(anonymous_11)
FN:63,(anonymous_12)
FN:69,(anonymous_13)
FN:83,(anonymous_14)
FN:90,(anonymous_15)
FN:91,(anonymous_16)
FN:98,(anonymous_17)
FNF:17
FNH:17
FNDA:1,(anonymous_1)
FNDA:1,(anonymous_2)
FNDA:1,(anonymous_3)
FNDA:1,(anonymous_4)
FNDA:1,(anonymous_5)
FNDA:1,(anonymous_6)
FNDA:1,(anonymous_7)
FNDA:1,(anonymous_8)
FNDA:1,(anonymous_9)
FNDA:1,(anonymous_10)
FNDA:1,(anonymous_11)
FNDA:1,(anonymous_12)
FNDA:1,(anonymous_13)
FNDA:1,(anonymous_14)
FNDA:1,(anonymous_15)
FNDA:1,(anonymous_16)
FNDA:1,(anonymous_17)
DA:1,1
DA:2,1
DA:3,1
DA:5,1
DA:6,1
DA:8,1
DA:9,1
DA:11,1
DA:12,1
DA:13,1
DA:14,1
DA:17,1
DA:18,1
DA:19,1
DA:20,1
DA:25,1
DA:26,1
DA:27,1
DA:30,1
DA:31,1
DA:32,1
DA:36,1
DA:37,1
DA:40,1
DA:41,1
DA:42,1
DA:43,1
DA:48,1
DA:49,1
DA:50,1
DA:64,1
DA:65,1
DA:66,1
DA:69,1
DA:70,1
DA:84,1
DA:85,1
DA:90,1
DA:91,1
DA:92,1
DA:99,1
DA:100,1
LF:42
LH:42
BRF:0
BRH:0
end_of_record
